<?xml version="1.0" encoding="UTF-8"?>
<testsuite xmlns:xsi="http://www.w3.org/2001/XMLSchema-instance" xsi:noNamespaceSchemaLocation="https://maven.apache.org/surefire/maven-surefire-plugin/xsd/surefire-test-report.xsd" name="StudentTest" time="3.993" tests="1" errors="0" skipped="0" failures="0">
  <properties>
    <property name="sun.desktop" value="windows"/>
    <property name="awt.toolkit" value="sun.awt.windows.WToolkit"/>
    <property name="file.encoding.pkg" value="sun.io"/>
    <property name="java.specification.version" value="1.8"/>
    <property name="sun.cpu.isalist" value="amd64"/>
    <property name="sun.jnu.encoding" value="GBK"/>
    <property name="java.class.path" value="D:\IDEAManvenPoject\zhangbo0310\service\target\test-classes;D:\IDEAManvenPoject\zhangbo0310\service\target\classes;D:\mavenData\junit\junit\4.13\junit-4.13.jar;D:\mavenData\org\hamcrest\hamcrest-core\1.3\hamcrest-core-1.3.jar;D:\mavenData\javax\servlet\servlet-api\3.0-alpha-1\servlet-api-3.0-alpha-1.jar;D:\mavenData\log4j\log4j\1.2.17\log4j-1.2.17.jar;D:\mavenData\javax\servlet\jstl\1.2\jstl-1.2.jar;D:\mavenData\javax\servlet\jsp\jsp-api\2.2.1-b03\jsp-api-2.2.1-b03.jar;D:\mavenData\commons-fileupload\commons-fileupload\1.3.3\commons-fileupload-1.3.3.jar;D:\mavenData\commons-io\commons-io\2.4\commons-io-2.4.jar;D:\mavenData\mysql\mysql-connector-java\5.1.21\mysql-connector-java-5.1.21.jar;D:\mavenData\commons-dbcp\commons-dbcp\1.4\commons-dbcp-1.4.jar;D:\mavenData\commons-pool\commons-pool\1.5.4\commons-pool-1.5.4.jar;D:\mavenData\com\alibaba\druid\1.1.21\druid-1.1.21.jar;D:\mavenData\org\aspectj\aspectjweaver\1.7.1\aspectjweaver-1.7.1.jar;D:\mavenData\org\springframework\spring-webmvc\5.1.5.RELEASE\spring-webmvc-5.1.5.RELEASE.jar;D:\mavenData\org\springframework\spring-aop\5.1.5.RELEASE\spring-aop-5.1.5.RELEASE.jar;D:\mavenData\org\springframework\spring-core\5.1.5.RELEASE\spring-core-5.1.5.RELEASE.jar;D:\mavenData\org\springframework\spring-jcl\5.1.5.RELEASE\spring-jcl-5.1.5.RELEASE.jar;D:\mavenData\org\springframework\spring-context\5.1.5.RELEASE\spring-context-5.1.5.RELEASE.jar;D:\mavenData\org\springframework\spring-jdbc\5.1.5.RELEASE\spring-jdbc-5.1.5.RELEASE.jar;D:\mavenData\org\springframework\spring-tx\5.1.5.RELEASE\spring-tx-5.1.5.RELEASE.jar;D:\mavenData\org\springframework\spring-beans\5.1.5.RELEASE\spring-beans-5.1.5.RELEASE.jar;D:\mavenData\org\springframework\spring-web\5.1.5.RELEASE\spring-web-5.1.5.RELEASE.jar;D:\mavenData\org\springframework\spring-expression\5.1.5.RELEASE\spring-expression-5.1.5.RELEASE.jar;D:\mavenData\org\springframework\spring-orm\5.1.5.RELEASE\spring-orm-5.1.5.RELEASE.jar;D:\mavenData\org\springframework\spring-test\5.1.5.RELEASE\spring-test-5.1.5.RELEASE.jar;D:\mavenData\org\springframework\spring-websocket\5.1.5.RELEASE\spring-websocket-5.1.5.RELEASE.jar;D:\mavenData\org\springframework\spring-messaging\5.1.5.RELEASE\spring-messaging-5.1.5.RELEASE.jar;D:\mavenData\org\apache\httpcomponents\httpclient\4.5.10\httpclient-4.5.10.jar;D:\mavenData\org\apache\httpcomponents\httpcore\4.4.12\httpcore-4.4.12.jar;D:\mavenData\commons-logging\commons-logging\1.2\commons-logging-1.2.jar;D:\mavenData\commons-codec\commons-codec\1.11\commons-codec-1.11.jar;D:\mavenData\com\fasterxml\jackson\core\jackson-core\2.9.5\jackson-core-2.9.5.jar;D:\mavenData\com\fasterxml\jackson\core\jackson-databind\2.9.5\jackson-databind-2.9.5.jar;D:\mavenData\com\fasterxml\jackson\core\jackson-annotations\2.9.5\jackson-annotations-2.9.5.jar;D:\mavenData\com\fasterxml\jackson\module\jackson-module-jaxb-annotations\2.9.5\jackson-module-jaxb-annotations-2.9.5.jar;D:\mavenData\javax\servlet\javax.servlet-api\3.1.0\javax.servlet-api-3.1.0.jar;D:\mavenData\org\mybatis\mybatis\3.5.3\mybatis-3.5.3.jar;D:\mavenData\org\mybatis\mybatis-spring\1.3.2\mybatis-spring-1.3.2.jar;D:\mavenData\com\alibaba\fastjson\1.2.58\fastjson-1.2.58.jar;"/>
    <property name="java.vm.vendor" value="Oracle Corporation"/>
    <property name="sun.arch.data.model" value="64"/>
    <property name="user.variant" value=""/>
    <property name="java.vendor.url" value="http://java.oracle.com/"/>
    <property name="user.timezone" value="GMT+08:00"/>
    <property name="java.vm.specification.version" value="1.8"/>
    <property name="os.name" value="Windows 7"/>
    <property name="user.country" value="CN"/>
    <property name="sun.java.launcher" value="SUN_STANDARD"/>
    <property name="sun.boot.library.path" value="D:\Program Files\Java\jdk1.8.0_212\jre\bin"/>
    <property name="sun.java.command" value="C:\Users\ADMINI~1\AppData\Local\Temp\surefire1757846532104007693\surefirebooter7711054192300841791.jar C:\Users\Administrator\AppData\Local\Temp\surefire1757846532104007693 2020-03-10T21-52-59_461-jvmRun1 surefire716799655383137597tmp surefire_0767621674665173679tmp"/>
    <property name="surefire.test.class.path" value="D:\IDEAManvenPoject\zhangbo0310\service\target\test-classes;D:\IDEAManvenPoject\zhangbo0310\service\target\classes;D:\mavenData\junit\junit\4.13\junit-4.13.jar;D:\mavenData\org\hamcrest\hamcrest-core\1.3\hamcrest-core-1.3.jar;D:\mavenData\javax\servlet\servlet-api\3.0-alpha-1\servlet-api-3.0-alpha-1.jar;D:\mavenData\log4j\log4j\1.2.17\log4j-1.2.17.jar;D:\mavenData\javax\servlet\jstl\1.2\jstl-1.2.jar;D:\mavenData\javax\servlet\jsp\jsp-api\2.2.1-b03\jsp-api-2.2.1-b03.jar;D:\mavenData\commons-fileupload\commons-fileupload\1.3.3\commons-fileupload-1.3.3.jar;D:\mavenData\commons-io\commons-io\2.4\commons-io-2.4.jar;D:\mavenData\mysql\mysql-connector-java\5.1.21\mysql-connector-java-5.1.21.jar;D:\mavenData\commons-dbcp\commons-dbcp\1.4\commons-dbcp-1.4.jar;D:\mavenData\commons-pool\commons-pool\1.5.4\commons-pool-1.5.4.jar;D:\mavenData\com\alibaba\druid\1.1.21\druid-1.1.21.jar;D:\mavenData\org\aspectj\aspectjweaver\1.7.1\aspectjweaver-1.7.1.jar;D:\mavenData\org\springframework\spring-webmvc\5.1.5.RELEASE\spring-webmvc-5.1.5.RELEASE.jar;D:\mavenData\org\springframework\spring-aop\5.1.5.RELEASE\spring-aop-5.1.5.RELEASE.jar;D:\mavenData\org\springframework\spring-core\5.1.5.RELEASE\spring-core-5.1.5.RELEASE.jar;D:\mavenData\org\springframework\spring-jcl\5.1.5.RELEASE\spring-jcl-5.1.5.RELEASE.jar;D:\mavenData\org\springframework\spring-context\5.1.5.RELEASE\spring-context-5.1.5.RELEASE.jar;D:\mavenData\org\springframework\spring-jdbc\5.1.5.RELEASE\spring-jdbc-5.1.5.RELEASE.jar;D:\mavenData\org\springframework\spring-tx\5.1.5.RELEASE\spring-tx-5.1.5.RELEASE.jar;D:\mavenData\org\springframework\spring-beans\5.1.5.RELEASE\spring-beans-5.1.5.RELEASE.jar;D:\mavenData\org\springframework\spring-web\5.1.5.RELEASE\spring-web-5.1.5.RELEASE.jar;D:\mavenData\org\springframework\spring-expression\5.1.5.RELEASE\spring-expression-5.1.5.RELEASE.jar;D:\mavenData\org\springframework\spring-orm\5.1.5.RELEASE\spring-orm-5.1.5.RELEASE.jar;D:\mavenData\org\springframework\spring-test\5.1.5.RELEASE\spring-test-5.1.5.RELEASE.jar;D:\mavenData\org\springframework\spring-websocket\5.1.5.RELEASE\spring-websocket-5.1.5.RELEASE.jar;D:\mavenData\org\springframework\spring-messaging\5.1.5.RELEASE\spring-messaging-5.1.5.RELEASE.jar;D:\mavenData\org\apache\httpcomponents\httpclient\4.5.10\httpclient-4.5.10.jar;D:\mavenData\org\apache\httpcomponents\httpcore\4.4.12\httpcore-4.4.12.jar;D:\mavenData\commons-logging\commons-logging\1.2\commons-logging-1.2.jar;D:\mavenData\commons-codec\commons-codec\1.11\commons-codec-1.11.jar;D:\mavenData\com\fasterxml\jackson\core\jackson-core\2.9.5\jackson-core-2.9.5.jar;D:\mavenData\com\fasterxml\jackson\core\jackson-databind\2.9.5\jackson-databind-2.9.5.jar;D:\mavenData\com\fasterxml\jackson\core\jackson-annotations\2.9.5\jackson-annotations-2.9.5.jar;D:\mavenData\com\fasterxml\jackson\module\jackson-module-jaxb-annotations\2.9.5\jackson-module-jaxb-annotations-2.9.5.jar;D:\mavenData\javax\servlet\javax.servlet-api\3.1.0\javax.servlet-api-3.1.0.jar;D:\mavenData\org\mybatis\mybatis\3.5.3\mybatis-3.5.3.jar;D:\mavenData\org\mybatis\mybatis-spring\1.3.2\mybatis-spring-1.3.2.jar;D:\mavenData\com\alibaba\fastjson\1.2.58\fastjson-1.2.58.jar;"/>
    <property name="sun.cpu.endian" value="little"/>
    <property name="user.home" value="C:\Users\Administrator"/>
    <property name="user.language" value="zh"/>
    <property name="java.specification.vendor" value="Oracle Corporation"/>
    <property name="java.home" value="D:\Program Files\Java\jdk1.8.0_212\jre"/>
    <property name="basedir" value="D:\IDEAManvenPoject\zhangbo0310\service"/>
    <property name="file.separator" value="\"/>
    <property name="line.separator" value="&#10;"/>
    <property name="java.vm.specification.vendor" value="Oracle Corporation"/>
    <property name="java.specification.name" value="Java Platform API Specification"/>
    <property name="java.awt.graphicsenv" value="sun.awt.Win32GraphicsEnvironment"/>
    <property name="surefire.real.class.path" value="C:\Users\ADMINI~1\AppData\Local\Temp\surefire1757846532104007693\surefirebooter7711054192300841791.jar"/>
    <property name="sun.boot.class.path" value="D:\Program Files\Java\jdk1.8.0_212\jre\lib\resources.jar;D:\Program Files\Java\jdk1.8.0_212\jre\lib\rt.jar;D:\Program Files\Java\jdk1.8.0_212\jre\lib\sunrsasign.jar;D:\Program Files\Java\jdk1.8.0_212\jre\lib\jsse.jar;D:\Program Files\Java\jdk1.8.0_212\jre\lib\jce.jar;D:\Program Files\Java\jdk1.8.0_212\jre\lib\charsets.jar;D:\Program Files\Java\jdk1.8.0_212\jre\lib\jfr.jar;D:\Program Files\Java\jdk1.8.0_212\jre\classes"/>
    <property name="user.script" value=""/>
    <property name="sun.management.compiler" value="HotSpot 64-Bit Tiered Compilers"/>
    <property name="java.runtime.version" value="1.8.0_212-b10"/>
    <property name="user.name" value="Administrator"/>
    <property name="path.separator" value=";"/>
    <property name="os.version" value="6.1"/>
    <property name="java.endorsed.dirs" value="D:\Program Files\Java\jdk1.8.0_212\jre\lib\endorsed"/>
    <property name="java.runtime.name" value="Java(TM) SE Runtime Environment"/>
    <property name="file.encoding" value="GBK"/>
    <property name="java.vm.name" value="Java HotSpot(TM) 64-Bit Server VM"/>
    <property name="localRepository" value="D:\mavenData"/>
    <property name="java.vendor.url.bug" value="http://bugreport.sun.com/bugreport/"/>
    <property name="java.io.tmpdir" value="C:\Users\ADMINI~1\AppData\Local\Temp\"/>
    <property name="idea.version" value="2018.3.5"/>
    <property name="java.version" value="1.8.0_212"/>
    <property name="user.dir" value="D:\IDEAManvenPoject\zhangbo0310\service"/>
    <property name="os.arch" value="amd64"/>
    <property name="java.vm.specification.name" value="Java Virtual Machine Specification"/>
    <property name="java.awt.printerjob" value="sun.awt.windows.WPrinterJob"/>
    <property name="sun.os.patch.level" value="Service Pack 1"/>
    <property name="java.library.path" value="D:\Program Files\Java\jdk1.8.0_212\jre\bin;C:\Windows\Sun\Java\bin;C:\Windows\system32;C:\Windows;C:\Program Files (x86)\Common Files\Oracle\Java\javapath;C:\Program Files (x86)\Common Files\Intel\Shared Files\cpp\bin\Intel64;C:\Windows\system32;C:\Windows;C:\Windows\System32\Wbem;C:\Windows\System32\WindowsPowerShell\v1.0\;D:\Program Files\Java\jdk1.8.0_212\bin;D:\Program Files\Java\jdk1.8.0_212\jre\bin;D:\VisualSVN Server\bin;D:\桌面文件\java\apache-maven-3.5.4\bin;D:\Git\cmd;C:\Users\Administrator\AppData\Roaming\搜狐影音\5.0.3.32;."/>
    <property name="java.vm.info" value="mixed mode"/>
    <property name="java.vendor" value="Oracle Corporation"/>
    <property name="java.vm.version" value="25.212-b10"/>
    <property name="java.ext.dirs" value="D:\Program Files\Java\jdk1.8.0_212\jre\lib\ext;C:\Windows\Sun\Java\lib\ext"/>
    <property name="sun.io.unicode.encoding" value="UnicodeLittle"/>
    <property name="java.class.version" value="52.0"/>
  </properties>
  <testcase name="test" classname="StudentTest" time="1.479"/>
</testsuite>